3.0000 4.0000 3.0000
4.0000 3.0000 3.0000
3.0000 3.0000 4.0000
-------------------------
3.0000 4.0000 3.0000
4.0000 3.0000 3.0000
3.0000 3.0000 4.0000
-------------------------
5.0000 3.0000
5.0000 7.0000
-------------------------
2.0000 3.0000
4.0000 5.0000
-------------------------
1.0000 0.0000 1.0000
0.0000 1.0000 1.0000
1.0000 1.0000 0.0000
------------------------
-1.0000 0.0000 -1.0000
0.0000 -1.0000 -1.0000
-1.0000 -1.0000 0.0000
-------------------------
-3.0000 1.0000
1.0000 1.0000
-------------------------
0.0000 1.0000
2.0000 3.0000
-------------------------
2.0000 4.0000
4.0000 2.0000
2.0000 2.0000
-------------------------
2.0000 4.0000
4.0000 2.0000
2.0000 2.0000
-------------------------
7.0000 6.0000
7.0000 7.0000
------------------------
1.0000 1.0000
2.0000 2.0000
-------------------------
1.0000 0.5000
1.0000 1.0000
1.0000 0.5000
-------------------------
0.5000 0.5000
0.5000 1.0000
-------------------------
0.8414 0.0000 0.0000 0.8414
0.8414 0.0000 0.8414 0.8414
0.8414 0.8414 0.8414 0.8414
-------------------------
0.0000 0.6931
0.6931 0.0000
-------------------------
2.7182 2.7182
20.0855 2.7182
------------------------
/ ERROR
-------------------------
0.7615 0.0000 0.0000 0.7615
0.7615 0.0000 0.7615 0.7615
0.7615 0.7615 0.7615 0.7615
-------------------------
1.0000 1.0000
1.0000 1.0000
-------------------------
1.0000 1.0000
1.0000 1.0000
-------------------------
1.0000 0.0000
1.0000 0.0000
-------------------------
1.0000 0.0000
0.0000 1.0000
0.0000 0.0000
-------------------------
1.0000 1.0000
1.0000 1.0000
1.0000 1.0000
-------------------------
1.0000
-------------------------
1.0000
-------------------------
2.0000 2.0000
-------------------------

