ERROR: Assertion failed|||ERROR: Assertion failed|||ERROR: Assertion failed|||ERROR: Assertion failed|||ERROR: Assertion failed|||ERROR: Assertion failed|||ERROR: Assertion failed|||ERROR: Assertion failed|||ERROR: Assertion failed|||
-------------------------
-------------------------
-7.2320
-------------------------
ERROR: Assertion failed|||ERROR: Assertion failed|||ERROR: Assertion failed|||ERROR: Assertion failed|||ERROR: Assertion failed|||ERROR: Assertion failed|||ERROR: Assertion failed|||ERROR: Assertion failed|||ERROR: Assertion failed|||ERROR: Assertion failed|||ERROR: Assertion failed|||ERROR: Assertion failed|||ERROR: Assertion failed|||ERROR: Assertion failed|||ERROR: Assertion failed|||ERROR: Assertion failed|||ERROR: Assertion failed|||
-------------------------
ERROR: Assertion failed|||ERROR: Assertion failed|||ERROR: Assertion failed|||ERROR: Assertion failed|||ERROR: Assertion failed|||ERROR: Assertion failed|||ERROR: Assertion failed|||ERROR: Assertion failed|||ERROR: Assertion failed|||
-------------------------
-------------------------
ERROR: Assertion failed|||ERROR: Assertion failed|||ERROR: Assertion failed|||ERROR: Assertion failed|||ERROR: Assertion failed|||ERROR: Assertion failed|||ERROR: Assertion failed|||
-------------------------
ERROR: Assertion failed|||ERROR: Assertion failed|||ERROR: Assertion failed|||ERROR: Assertion failed|||ERROR: Assertion failed|||ERROR: Assertion failed|||ERROR: Assertion failed|||ERROR: Assertion failed|||ERROR: Assertion failed|||
-------------------------
ERROR: Assertion failed|||ERROR: Assertion failed|||ERROR: Assertion failed|||ERROR: Assertion failed|||ERROR: Assertion failed|||ERROR: Assertion failed|||ERROR: Assertion failed|||ERROR: Assertion failed|||ERROR: Assertion failed|||ERROR: Assertion failed|||
-------------------------
ERROR: Assertion failed|||ERROR: Assertion failed|||ERROR: Assertion failed|||ERROR: Assertion failed|||ERROR: Assertion failed|||ERROR: Assertion failed|||ERROR: Assertion failed|||ERROR: Assertion failed|||ERROR: Assertion failed|||ERROR: Assertion failed|||ERROR: Assertion failed|||ERROR: Assertion failed|||ERROR: Assertion failed|||ERROR: Assertion failed|||ERROR: Assertion failed|||ERROR: Assertion failed|||
-------------------------
ERROR: Assertion failed|||ERROR: Assertion failed|||ERROR: Assertion failed|||ERROR: Assertion failed|||ERROR: Assertion failed|||ERROR: Assertion failed|||ERROR: Assertion failed|||ERROR: Assertion failed|||ERROR: Assertion failed|||
-------------------------
-------------------------
ERROR: Assertion failed|||ERROR: Assertion failed|||ERROR: Assertion failed|||ERROR: Assertion failed|||ERROR: Assertion failed|||ERROR: Assertion failed|||
-------------------------
ERROR: Assertion failed|||ERROR: Assertion failed|||ERROR: Assertion failed|||ERROR: Assertion failed|||ERROR: Assertion failed|||ERROR: Assertion failed|||ERROR: Assertion failed|||ERROR: Assertion failed|||ERROR: Assertion failed|||
-------------------------
-------------------------
-------------------------
ERROR: Assertion failed|||ERROR: Assertion failed|||ERROR: Assertion failed|||ERROR: Assertion failed|||ERROR: Assertion failed|||ERROR: Assertion failed|||
-------------------------
ERROR: Assertion failed|||ERROR: Assertion failed|||ERROR: Assertion failed|||ERROR: Assertion failed|||ERROR: Assertion failed|||ERROR: Assertion failed|||ERROR: Assertion failed|||ERROR: Assertion failed|||
-------------------------
ERROR: Assertion failed|||ERROR: Assertion failed|||ERROR: Assertion failed|||ERROR: Assertion failed|||ERROR: Assertion failed|||ERROR: Assertion failed|||ERROR: Assertion failed|||ERROR: Assertion failed|||ERROR: Assertion failed|||
-------------------------
-------------------------
ERROR: Assertion failed|||ERROR: Assertion failed|||ERROR: Assertion failed|||ERROR: Assertion failed|||ERROR: Assertion failed|||ERROR: Assertion failed|||ERROR: Assertion failed|||
-------------------------
ERROR: Assertion failed|||ERROR: Assertion failed|||ERROR: Assertion failed|||ERROR: Assertion failed|||ERROR: Assertion failed|||ERROR: Assertion failed|||ERROR: Assertion failed|||ERROR: Assertion failed|||ERROR: Assertion failed|||ERROR: Assertion failed|||ERROR: Assertion failed|||ERROR: Assertion failed|||
-------------------------
ERROR: Assertion failed|||ERROR: Assertion failed|||ERROR: Assertion failed|||
-------------------------
ERROR: Assertion failed|||ERROR: Assertion failed|||ERROR: Assertion failed|||ERROR: Assertion failed|||ERROR: Assertion failed|||ERROR: Assertion failed|||ERROR: Assertion failed|||ERROR: Assertion failed|||ERROR: Assertion failed|||
-------------------------
ERROR: Assertion failed|||ERROR: Assertion failed|||ERROR: Assertion failed|||ERROR: Assertion failed|||ERROR: Assertion failed|||ERROR: Assertion failed|||ERROR: Assertion failed|||ERROR: Assertion failed|||ERROR: Assertion failed|||ERROR: Assertion failed|||ERROR: Assertion failed|||ERROR: Assertion failed|||ERROR: Assertion failed|||ERROR: Assertion failed|||ERROR: Assertion failed|||ERROR: Assertion failed|||ERROR: Assertion failed|||
-------------------------
-7.2320
-------------------------
ERROR: Assertion failed|||ERROR: Assertion failed|||ERROR: Assertion failed|||ERROR: Assertion failed|||ERROR: Assertion failed|||ERROR: Assertion failed|||ERROR: Assertion failed|||ERROR: Assertion failed|||
-------------------------
ERROR: Assertion failed|||
-------------------------
-------------------------
ERROR: Assertion failed|||ERROR: Assertion failed|||ERROR: Assertion failed|||ERROR: Assertion failed|||ERROR: Assertion failed|||ERROR: Assertion failed|||ERROR: Assertion failed|||
-------------------------
ERROR: Assertion failed|||ERROR: Assertion failed|||ERROR: Assertion failed|||
-------------------------
-------------------------
-7.2320
-------------------------
ERROR: Assertion failed|||
-------------------------
ERROR: Assertion failed|||ERROR: Assertion failed|||ERROR: Assertion failed|||ERROR: Assertion failed|||ERROR: Assertion failed|||ERROR: Assertion failed|||ERROR: Assertion failed|||ERROR: Assertion failed|||ERROR: Assertion failed|||ERROR: Assertion failed|||ERROR: Assertion failed|||ERROR: Assertion failed|||ERROR: Assertion failed|||ERROR: Assertion failed|||ERROR: Assertion failed|||
-------------------------
ERROR: Assertion failed|||ERROR: Assertion failed|||ERROR: Assertion failed|||ERROR: Assertion failed|||ERROR: Assertion failed|||ERROR: Assertion failed|||ERROR: Assertion failed|||ERROR: Assertion failed|||ERROR: Assertion failed|||
-------------------------
-------------------------
ERROR: Assertion failed|||ERROR: Assertion failed|||ERROR: Assertion failed|||ERROR: Assertion failed|||ERROR: Assertion failed|||ERROR: Assertion failed|||ERROR: Assertion failed|||
-------------------------
-------------------------
-------------------------
-------------------------
ERROR: Assertion failed|||ERROR: Assertion failed|||ERROR: Assertion failed|||ERROR: Assertion failed|||ERROR: Assertion failed|||ERROR: Assertion failed|||ERROR: Assertion failed|||ERROR: Assertion failed|||ERROR: Assertion failed|||ERROR: Assertion failed|||ERROR: Assertion failed|||ERROR: Assertion failed|||ERROR: Assertion failed|||ERROR: Assertion failed|||ERROR: Assertion failed|||
-------------------------
-------------------------
ERROR: Assertion failed|||ERROR: Assertion failed|||ERROR: Assertion failed|||ERROR: Assertion failed|||ERROR: Assertion failed|||ERROR: Assertion failed|||ERROR: Assertion failed|||
-------------------------
0.0000
-------------------------
ERROR: Assertion failed|||ERROR: Assertion failed|||ERROR: Assertion failed|||ERROR: Assertion failed|||ERROR: Assertion failed|||ERROR: Assertion failed|||ERROR: Assertion failed|||ERROR: Assertion failed|||
-------------------------
-------------------------
-------------------------
ERROR: Assertion failed|||ERROR: Assertion failed|||ERROR: Assertion failed|||ERROR: Assertion failed|||ERROR: Assertion failed|||ERROR: Assertion failed|||ERROR: Assertion failed|||ERROR: Assertion failed|||ERROR: Assertion failed|||ERROR: Assertion failed|||
-------------------------
-------------------------
-------------------------
-7.2320
-------------------------
ERROR: Assertion failed|||ERROR: Assertion failed|||ERROR: Assertion failed|||ERROR: Assertion failed|||ERROR: Assertion failed|||ERROR: Assertion failed|||ERROR: Assertion failed|||ERROR: Assertion failed|||
-------------------------
-------------------------
ERROR: Assertion failed|||ERROR: Assertion failed|||ERROR: Assertion failed|||ERROR: Assertion failed|||ERROR: Assertion failed|||ERROR: Assertion failed|||ERROR: Assertion failed|||ERROR: Assertion failed|||ERROR: Assertion failed|||ERROR: Assertion failed|||ERROR: Assertion failed|||ERROR: Assertion failed|||ERROR: Assertion failed|||ERROR: Assertion failed|||ERROR: Assertion failed|||ERROR: Assertion failed|||ERROR: Assertion failed|||ERROR: Assertion failed|||ERROR: Assertion failed|||
-------------------------
ERROR: Assertion failed|||ERROR: Assertion failed|||ERROR: Assertion failed|||ERROR: Assertion failed|||ERROR: Assertion failed|||ERROR: Assertion failed|||ERROR: Assertion failed|||ERROR: Assertion failed|||ERROR: Assertion failed|||ERROR: Assertion failed|||ERROR: Assertion failed|||ERROR: Assertion failed|||ERROR: Assertion failed|||ERROR: Assertion failed|||ERROR: Assertion failed|||
-------------------------
ERROR: Assertion failed|||ERROR: Assertion failed|||ERROR: Assertion failed|||ERROR: Assertion failed|||ERROR: Assertion failed|||ERROR: Assertion failed|||
-------------------------
ERROR: Assertion failed|||ERROR: Assertion failed|||ERROR: Assertion failed|||ERROR: Assertion failed|||ERROR: Assertion failed|||ERROR: Assertion failed|||ERROR: Assertion failed|||
-------------------------
-------------------------
ERROR: Assertion failed|||ERROR: Assertion failed|||ERROR: Assertion failed|||ERROR: Assertion failed|||ERROR: Assertion failed|||ERROR: Assertion failed|||ERROR: Assertion failed|||ERROR: Assertion failed|||ERROR: Assertion failed|||ERROR: Assertion failed|||ERROR: Assertion failed|||ERROR: Assertion failed|||ERROR: Assertion failed|||ERROR: Assertion failed|||ERROR: Assertion failed|||ERROR: Assertion failed|||ERROR: Assertion failed|||
-------------------------
ERROR: Assertion failed|||ERROR: Assertion failed|||ERROR: Assertion failed|||
-------------------------
ERROR: Assertion failed|||ERROR: Assertion failed|||ERROR: Assertion failed|||ERROR: Assertion failed|||ERROR: Assertion failed|||ERROR: Assertion failed|||ERROR: Assertion failed|||ERROR: Assertion failed|||ERROR: Assertion failed|||ERROR: Assertion failed|||ERROR: Assertion failed|||ERROR: Assertion failed|||
-------------------------
0.0000
-------------------------
ERROR: Assertion failed|||ERROR: Assertion failed|||ERROR: Assertion failed|||ERROR: Assertion failed|||ERROR: Assertion failed|||ERROR: Assertion failed|||
-------------------------
-------------------------
ERROR: Assertion failed|||ERROR: Assertion failed|||ERROR: Assertion failed|||ERROR: Assertion failed|||ERROR: Assertion failed|||ERROR: Assertion failed|||ERROR: Assertion failed|||
-------------------------
-------------------------
ERROR: Assertion failed|||ERROR: Assertion failed|||ERROR: Assertion failed|||ERROR: Assertion failed|||ERROR: Assertion failed|||ERROR: Assertion failed|||ERROR: Assertion failed|||ERROR: Assertion failed|||ERROR: Assertion failed|||ERROR: Assertion failed|||ERROR: Assertion failed|||ERROR: Assertion failed|||ERROR: Assertion failed|||ERROR: Assertion failed|||ERROR: Assertion failed|||ERROR: Assertion failed|||
-------------------------
ERROR: Assertion failed|||ERROR: Assertion failed|||ERROR: Assertion failed|||ERROR: Assertion failed|||ERROR: Assertion failed|||ERROR: Assertion failed|||ERROR: Assertion failed|||ERROR: Assertion failed|||
-------------------------
ERROR: Assertion failed|||ERROR: Assertion failed|||ERROR: Assertion failed|||ERROR: Assertion failed|||ERROR: Assertion failed|||ERROR: Assertion failed|||ERROR: Assertion failed|||ERROR: Assertion failed|||ERROR: Assertion failed|||ERROR: Assertion failed|||
-------------------------
ERROR: Assertion failed|||ERROR: Assertion failed|||ERROR: Assertion failed|||ERROR: Assertion failed|||ERROR: Assertion failed|||ERROR: Assertion failed|||ERROR: Assertion failed|||ERROR: Assertion failed|||ERROR: Assertion failed|||ERROR: Assertion failed|||ERROR: Assertion failed|||ERROR: Assertion failed|||ERROR: Assertion failed|||ERROR: Assertion failed|||ERROR: Assertion failed|||ERROR: Assertion failed|||ERROR: Assertion failed|||ERROR: Assertion failed|||ERROR: Assertion failed|||
-------------------------
-------------------------
ERROR: Assertion failed|||ERROR: Assertion failed|||ERROR: Assertion failed|||ERROR: Assertion failed|||ERROR: Assertion failed|||ERROR: Assertion failed|||ERROR: Assertion failed|||ERROR: Assertion failed|||ERROR: Assertion failed|||
-------------------------
ERROR: Assertion failed|||ERROR: Assertion failed|||ERROR: Assertion failed|||ERROR: Assertion failed|||ERROR: Assertion failed|||ERROR: Assertion failed|||ERROR: Assertion failed|||ERROR: Assertion failed|||ERROR: Assertion failed|||ERROR: Assertion failed|||
-------------------------
ERROR: Assertion failed|||ERROR: Assertion failed|||ERROR: Assertion failed|||ERROR: Assertion failed|||ERROR: Assertion failed|||ERROR: Assertion failed|||ERROR: Assertion failed|||ERROR: Assertion failed|||
-------------------------
ERROR: Assertion failed|||ERROR: Assertion failed|||ERROR: Assertion failed|||ERROR: Assertion failed|||ERROR: Assertion failed|||ERROR: Assertion failed|||ERROR: Assertion failed|||ERROR: Assertion failed|||ERROR: Assertion failed|||ERROR: Assertion failed|||
-------------------------
