-------------------------
0.0000
-------------------------
ERROR: Assertion failed|||ERROR: Assertion failed|||ERROR: Assertion failed|||
-------------------------
ERROR: Assertion failed|||
-------------------------
0.0000
-------------------------
-4.1835
-------------------------
ERROR: Assertion failed|||ERROR: Assertion failed|||
-------------------------
ERROR: Assertion failed|||
-------------------------
1.5921
-------------------------
-6.0157
-------------------------
-6.7399
-------------------------
0.0000
-------------------------
1.0000
-------------------------
-------------------------
-------------------------
1.0000
-------------------------
0.0000
-------------------------
-------------------------
0.0000
-------------------------
0.0000
-------------------------
-6.0157
-------------------------
-6.5652
-------------------------
-------------------------
ERROR: Assertion failed|||ERROR: Assertion failed|||ERROR: Assertion failed|||ERROR: Assertion failed|||ERROR: Assertion failed|||
-------------------------
-------------------------
-------------------------
0.0000
-------------------------
-6.7399
-------------------------
ERROR: Assertion failed|||ERROR: Assertion failed|||
-------------------------
1.0000
-------------------------
0.0000
-------------------------
0.0000
-------------------------
1.0000
-------------------------
ERROR: Assertion failed|||ERROR: Assertion failed|||
-------------------------
-------------------------
ERROR: Assertion failed|||ERROR: Assertion failed|||
-------------------------
-7.2624
-------------------------
0.0000
-------------------------
0.0000
-------------------------
0.0000
-------------------------
-6.7399
-------------------------
-------------------------
0.0000
-------------------------
ERROR: Placeholder missing
-------------------------
-------------------------
-5.8671
-------------------------
0.0000
-------------------------
1.0000
-------------------------
-5.8671
-------------------------
ERROR: Assertion failed|||ERROR: Assertion failed|||ERROR: Assertion failed|||
-------------------------
ERROR: Placeholder missing
-------------------------
1.0000
-------------------------
0.0000
-------------------------
0.0000
-------------------------
-5.5176
-------------------------
ERROR: Assertion failed|||ERROR: Assertion failed|||ERROR: Assertion failed|||
-------------------------
1.5921
-------------------------
ERROR: Assertion failed|||ERROR: Assertion failed|||
-------------------------
0.0000
-------------------------
ERROR: Assertion failed|||ERROR: Assertion failed|||ERROR: Assertion failed|||ERROR: Assertion failed|||ERROR: Assertion failed|||
-------------------------
