1.0000
-------------------------
0.0000
-------------------------
-3.7394
-------------------------
ERROR: Assertion failed|||ERROR: Assertion failed|||ERROR: Assertion failed|||
-------------------------
ERROR: Assertion failed|||ERROR: Assertion failed|||
-------------------------
0.0000
-------------------------
-3.7394
-------------------------
-3.7394
-------------------------
0.0000
-------------------------
1.0000
-------------------------
-3.7394
-------------------------
-3.7394
-------------------------
-5.4788
-------------------------
ERROR: Assertion failed|||ERROR: Assertion failed|||
-------------------------
ERROR: Assertion failed|||ERROR: Assertion failed|||ERROR: Assertion failed|||ERROR: Assertion failed|||ERROR: Assertion failed|||ERROR: Assertion failed|||ERROR: Assertion failed|||
-------------------------
0.0000
-------------------------
-------------------------
ERROR: Assertion failed|||ERROR: Assertion failed|||ERROR: Assertion failed|||
-------------------------
0.0000
-------------------------
-5.7119
-------------------------
ERROR: Assertion failed|||
-------------------------
-------------------------
ERROR: Assertion failed|||ERROR: Assertion failed|||ERROR: Assertion failed|||
-------------------------
ERROR: Assertion failed|||
-------------------------
-5.4788
-------------------------
ERROR: Assertion failed|||ERROR: Assertion failed|||ERROR: Assertion failed|||
-------------------------
-5.4788
-------------------------
-3.2501
-------------------------
ERROR: Assertion failed|||ERROR: Assertion failed|||
-------------------------
ERROR: Assertion failed|||ERROR: Assertion failed|||ERROR: Assertion failed|||ERROR: Assertion failed|||ERROR: Assertion failed|||ERROR: Assertion failed|||ERROR: Assertion failed|||
-------------------------
-------------------------
-------------------------
ERROR: Assertion failed|||ERROR: Assertion failed|||ERROR: Assertion failed|||ERROR: Assertion failed|||ERROR: Assertion failed|||ERROR: Assertion failed|||ERROR: Assertion failed|||
-------------------------
0.0000
-------------------------
1.0000
-------------------------
ERROR: Assertion failed|||ERROR: Assertion failed|||
-------------------------
-2.7394
-------------------------
-5.8253
-------------------------
-------------------------
ERROR: Assertion failed|||ERROR: Assertion failed|||ERROR: Assertion failed|||ERROR: Assertion failed|||ERROR: Assertion failed|||ERROR: Assertion failed|||ERROR: Assertion failed|||
-------------------------
ERROR: Assertion failed|||ERROR: Assertion failed|||ERROR: Assertion failed|||
-------------------------
ERROR: Assertion failed|||
-------------------------
-------------------------
-2.7394
-------------------------
ERROR: Assertion failed|||ERROR: Assertion failed|||ERROR: Assertion failed|||
-------------------------
1.0000
-------------------------
ERROR: Assertion failed|||ERROR: Assertion failed|||ERROR: Assertion failed|||ERROR: Assertion failed|||ERROR: Assertion failed|||ERROR: Assertion failed|||ERROR: Assertion failed|||
-------------------------
ERROR: Assertion failed|||
-------------------------
1.0000
-------------------------
1.0000
-------------------------
-4.0095
-------------------------
-4.0095
-------------------------
ERROR: Assertion failed|||ERROR: Assertion failed|||ERROR: Assertion failed|||ERROR: Assertion failed|||
-------------------------
-------------------------
ERROR: Assertion failed|||
-------------------------
-5.4788
-------------------------
ERROR: Assertion failed|||ERROR: Assertion failed|||
-------------------------
ERROR: Assertion failed|||
-------------------------
-3.7394
-------------------------
-------------------------
-------------------------
ERROR: Assertion failed|||
-------------------------
1.0000
-------------------------
-5.4788
-------------------------
ERROR: Assertion failed|||ERROR: Assertion failed|||
-------------------------
1.0000
-------------------------
0.0000
-------------------------
ERROR: Assertion failed|||ERROR: Assertion failed|||ERROR: Assertion failed|||ERROR: Assertion failed|||
-------------------------
ERROR: Assertion failed|||ERROR: Assertion failed|||
-------------------------
-------------------------
1.0000
-------------------------
-------------------------
ERROR: Assertion failed|||ERROR: Assertion failed|||
-------------------------
ERROR: Assertion failed|||ERROR: Assertion failed|||
-------------------------
1.0000
-------------------------
