1.0585
-------------------------
-------------------------
-13.7721
-------------------------
ERROR: Assertion failed|||ERROR: Assertion failed|||ERROR: Assertion failed|||ERROR: Assertion failed|||ERROR: Assertion failed|||ERROR: Assertion failed|||ERROR: Assertion failed|||ERROR: Assertion failed|||ERROR: Assertion failed|||ERROR: Assertion failed|||ERROR: Assertion failed|||
-------------------------
ERROR: Assertion failed|||ERROR: Assertion failed|||ERROR: Assertion failed|||ERROR: Assertion failed|||ERROR: Assertion failed|||ERROR: Assertion failed|||ERROR: Assertion failed|||ERROR: Assertion failed|||ERROR: Assertion failed|||ERROR: Assertion failed|||ERROR: Assertion failed|||
-------------------------
ERROR: Assertion failed|||ERROR: Assertion failed|||ERROR: Assertion failed|||ERROR: Assertion failed|||ERROR: Assertion failed|||
-------------------------
ERROR: Placeholder missing
-------------------------
ERROR: Assertion failed|||ERROR: Assertion failed|||
-------------------------
ERROR: Assertion failed|||ERROR: Assertion failed|||ERROR: Assertion failed|||ERROR: Assertion failed|||ERROR: Assertion failed|||ERROR: Assertion failed|||
-------------------------
-------------------------
ERROR: Assertion failed|||ERROR: Assertion failed|||ERROR: Assertion failed|||ERROR: Assertion failed|||ERROR: Assertion failed|||
-------------------------
-6.6278
-------------------------
-------------------------
ERROR: Assertion failed|||
-------------------------
-------------------------
-3.6548
-------------------------
ERROR: Assertion failed|||ERROR: Assertion failed|||ERROR: Assertion failed|||
-------------------------
-3.4496
-------------------------
ERROR: Assertion failed|||ERROR: Assertion failed|||ERROR: Assertion failed|||ERROR: Assertion failed|||ERROR: Assertion failed|||ERROR: Assertion failed|||ERROR: Assertion failed|||ERROR: Assertion failed|||ERROR: Assertion failed|||ERROR: Assertion failed|||ERROR: Assertion failed|||
-------------------------
-5.1624
-------------------------
-7.1351
-------------------------
-4.6805
-------------------------
ERROR: Assertion failed|||
-------------------------
-3.4496
-------------------------
0.0000
-------------------------
ERROR: Assertion failed|||ERROR: Assertion failed|||ERROR: Assertion failed|||ERROR: Assertion failed|||ERROR: Assertion failed|||
-------------------------
-0.5798
-------------------------
-------------------------
ERROR: Assertion failed|||
-------------------------
-3.3938
-------------------------
ERROR: Assertion failed|||ERROR: Assertion failed|||ERROR: Assertion failed|||ERROR: Assertion failed|||ERROR: Assertion failed|||ERROR: Assertion failed|||ERROR: Assertion failed|||ERROR: Assertion failed|||ERROR: Assertion failed|||ERROR: Assertion failed|||
-------------------------
-0.8990
-------------------------
ERROR: Assertion failed|||ERROR: Assertion failed|||ERROR: Assertion failed|||ERROR: Assertion failed|||ERROR: Assertion failed|||ERROR: Assertion failed|||ERROR: Assertion failed|||ERROR: Assertion failed|||ERROR: Assertion failed|||ERROR: Assertion failed|||ERROR: Assertion failed|||ERROR: Assertion failed|||ERROR: Assertion failed|||ERROR: Assertion failed|||
-------------------------
-------------------------
ERROR: Assertion failed|||ERROR: Assertion failed|||ERROR: Assertion failed|||ERROR: Assertion failed|||ERROR: Assertion failed|||ERROR: Assertion failed|||
-------------------------
ERROR: Assertion failed|||ERROR: Assertion failed|||ERROR: Assertion failed|||
-------------------------
-0.8990
-------------------------
ERROR: Assertion failed|||ERROR: Assertion failed|||ERROR: Assertion failed|||
-------------------------
ERROR: Assertion failed|||ERROR: Assertion failed|||ERROR: Assertion failed|||ERROR: Assertion failed|||ERROR: Assertion failed|||ERROR: Assertion failed|||ERROR: Assertion failed|||ERROR: Assertion failed|||ERROR: Assertion failed|||ERROR: Assertion failed|||ERROR: Assertion failed|||
-------------------------
0.4105
-------------------------
-0.8990
-------------------------
ERROR: Assertion failed|||ERROR: Assertion failed|||ERROR: Assertion failed|||ERROR: Assertion failed|||ERROR: Assertion failed|||ERROR: Assertion failed|||ERROR: Assertion failed|||
-------------------------
-------------------------
ERROR: Assertion failed|||ERROR: Assertion failed|||ERROR: Assertion failed|||ERROR: Assertion failed|||ERROR: Assertion failed|||ERROR: Assertion failed|||ERROR: Assertion failed|||
-------------------------
-3.1034
-------------------------
-------------------------
ERROR: Assertion failed|||ERROR: Assertion failed|||ERROR: Assertion failed|||
-------------------------
-6.5698
-------------------------
-6.6278
-------------------------
-6.6278
-------------------------
0.0000
-------------------------
ERROR: Assertion failed|||ERROR: Assertion failed|||ERROR: Assertion failed|||
-------------------------
-------------------------
ERROR: Assertion failed|||
-------------------------
ERROR: Assertion failed|||
-------------------------
ERROR: Assertion failed|||
-------------------------
