-41.3284
-------------------------
1.0000
-------------------------
-------------------------
-------------------------
-3.7147
-------------------------
-2.3357
-------------------------
-0.8334
-------------------------
-1.7527
-------------------------
-0.2280
-------------------------
-2.9663
-------------------------
-0.7781
-------------------------
1.0000
-------------------------
-4.1130
-------------------------
-40.5162
-------------------------
-------------------------
-4.4746
-------------------------
-12.3954
-------------------------
-------------------------
152.5556
-------------------------
-------------------------
0.0000
-------------------------
-------------------------
0.0000
-------------------------
ERROR: Placeholder missing
-------------------------
0.3098
-------------------------
-3.6977
-------------------------
-0.9866
-------------------------
-3.9963
-------------------------
-4.6473
-------------------------
-0.5604
-------------------------
-------------------------
0.0000
-------------------------
30.1167
-------------------------
-5.6348
-------------------------
ERROR: Placeholder missing|||
-------------------------
-3.2100
-------------------------
-------------------------
-------------------------
0.0000
-------------------------
-5.6348
-------------------------
-2.1277
-------------------------
-5.6348
-------------------------
-4.4315
-------------------------
0.0000
-------------------------
0.3098
-------------------------
-3.7542
-------------------------
0.0000
-------------------------
13.2731
-------------------------
43.2480
-------------------------
-7.0148
-------------------------
-0.4392
-------------------------
0.0000
-------------------------
-5.2446
-------------------------
0.0000
-------------------------
1.0000
-------------------------
ERROR: Placeholder missing
-------------------------
-0.1722
-------------------------
-3.3067
-------------------------
-0.0797
-------------------------
-4.6062
-------------------------
-24.7465
-------------------------
0.0000
-------------------------
-0.8445
-------------------------
-5.6348
-------------------------
0.0000
-------------------------
0.0000
-------------------------
47.8587
-------------------------
-------------------------
0.0000
-------------------------
-155.0705
-------------------------
0.0000
-------------------------
